<?xml version="1.0" encoding="UTF-8"?>
<!-- Generated by org.testng.reporters.JUnitReportReporter -->
<testsuite hostname="DESKTOP-FS9FCQV" failures="0" tests="1" name="junit.OrdersTests" time="7.477" errors="0" timestamp="19 Oct 2025 09:53:05 GMT" skipped="0">
  <testcase classname="junit.OrdersTests" name="submitOrderTest" time="7.477"/>
</testsuite> <!-- junit.OrdersTests -->
